{"C:\\Users\\migue\\OneDrive\\Documents\\Dev\\NodeJS\\firtsapirest\\app.js": {"path":"C:\\Users\\migue\\OneDrive\\Documents\\Dev\\NodeJS\\firtsapirest\\app.js","statementMap":{"0":{"start":{"line":3,"column":0},"end":{"line":3,"column":26}},"1":{"start":{"line":5,"column":16},"end":{"line":5,"column":34}},"2":{"start":{"line":7,"column":23},"end":{"line":7,"column":48}},"3":{"start":{"line":8,"column":25},"end":{"line":8,"column":50}},"4":{"start":{"line":10,"column":19},"end":{"line":10,"column":41}},"5":{"start":{"line":11,"column":23},"end":{"line":11,"column":54}},"6":{"start":{"line":14,"column":18},"end":{"line":14,"column":47}},"7":{"start":{"line":16,"column":28},"end":{"line":16,"column":53}},"8":{"start":{"line":18,"column":13},"end":{"line":18,"column":28}},"9":{"start":{"line":20,"column":12},"end":{"line":20,"column":21}},"10":{"start":{"line":22,"column":13},"end":{"line":22,"column":37}},"11":{"start":{"line":24,"column":0},"end":{"line":24,"column":15}},"12":{"start":{"line":27,"column":0},"end":{"line":27,"column":23}},"13":{"start":{"line":30,"column":0},"end":{"line":30,"column":34}},"14":{"start":{"line":32,"column":0},"end":{"line":38,"column":3}},"15":{"start":{"line":36,"column":8},"end":{"line":36,"column":35}},"16":{"start":{"line":44,"column":0},"end":{"line":47,"column":1}},"17":{"start":{"line":52,"column":0},"end":{"line":52,"column":36}},"18":{"start":{"line":54,"column":18},"end":{"line":54,"column":39}},"19":{"start":{"line":55,"column":17},"end":{"line":55,"column":54}},"20":{"start":{"line":57,"column":0},"end":{"line":62,"column":1}},"21":{"start":{"line":58,"column":4},"end":{"line":61,"column":7}},"22":{"start":{"line":59,"column":8},"end":{"line":59,"column":46}},"23":{"start":{"line":60,"column":8},"end":{"line":60,"column":47}},"24":{"start":{"line":64,"column":0},"end":{"line":64,"column":62}},"25":{"start":{"line":66,"column":0},"end":{"line":66,"column":21}}},"fnMap":{"0":{"name":"(anonymous_0)","decl":{"start":{"line":35,"column":10},"end":{"line":35,"column":11}},"loc":{"start":{"line":35,"column":28},"end":{"line":37,"column":5}},"line":35},"1":{"name":"(anonymous_1)","decl":{"start":{"line":58,"column":21},"end":{"line":58,"column":22}},"loc":{"start":{"line":58,"column":26},"end":{"line":61,"column":5}},"line":58}},"branchMap":{"0":{"loc":{"start":{"line":22,"column":13},"end":{"line":22,"column":37}},"type":"binary-expr","locations":[{"start":{"line":22,"column":13},"end":{"line":22,"column":29}},{"start":{"line":22,"column":33},"end":{"line":22,"column":37}}],"line":22},"1":{"loc":{"start":{"line":55,"column":17},"end":{"line":55,"column":54}},"type":"binary-expr","locations":[{"start":{"line":55,"column":17},"end":{"line":55,"column":37}},{"start":{"line":55,"column":41},"end":{"line":55,"column":54}}],"line":55},"2":{"loc":{"start":{"line":57,"column":0},"end":{"line":62,"column":1}},"type":"if","locations":[{"start":{"line":57,"column":0},"end":{"line":62,"column":1}},{"start":{},"end":{}}],"line":57},"3":{"loc":{"start":{"line":64,"column":0},"end":{"line":64,"column":61}},"type":"cond-expr","locations":[{"start":{"line":64,"column":26},"end":{"line":64,"column":42}},{"start":{"line":64,"column":45},"end":{"line":64,"column":61}}],"line":64}},"s":{"0":3,"1":3,"2":3,"3":3,"4":3,"5":3,"6":3,"7":3,"8":3,"9":3,"10":3,"11":3,"12":3,"13":3,"14":3,"15":32,"16":3,"17":3,"18":3,"19":3,"20":3,"21":0,"22":0,"23":0,"24":3,"25":3},"f":{"0":32,"1":0},"b":{"0":[3,0],"1":[3,0],"2":[0,3],"3":[3,0]},"_coverageSchema":"1a1c01bbd47fc00a2c39e90264f33305004495a9","hash":"9d2830da7a4d3ae40d2d2a06ad302cb6b6d19717"}
,"C:\\Users\\migue\\OneDrive\\Documents\\Dev\\NodeJS\\firtsapirest\\config\\mongo.js": {"path":"C:\\Users\\migue\\OneDrive\\Documents\\Dev\\NodeJS\\firtsapirest\\config\\mongo.js","statementMap":{"0":{"start":{"line":1,"column":17},"end":{"line":1,"column":36}},"1":{"start":{"line":2,"column":17},"end":{"line":2,"column":37}},"2":{"start":{"line":4,"column":0},"end":{"line":4,"column":35}},"3":{"start":{"line":5,"column":23},"end":{"line":21,"column":1}},"4":{"start":{"line":7,"column":19},"end":{"line":7,"column":87}},"5":{"start":{"line":8,"column":4},"end":{"line":20,"column":5}},"6":{"start":{"line":14,"column":12},"end":{"line":18,"column":13}},"7":{"start":{"line":15,"column":16},"end":{"line":15,"column":57}},"8":{"start":{"line":17,"column":16},"end":{"line":17,"column":87}},"9":{"start":{"line":23,"column":0},"end":{"line":23,"column":31}}},"fnMap":{"0":{"name":"(anonymous_0)","decl":{"start":{"line":5,"column":23},"end":{"line":5,"column":24}},"loc":{"start":{"line":5,"column":34},"end":{"line":21,"column":1}},"line":5},"1":{"name":"(anonymous_1)","decl":{"start":{"line":13,"column":8},"end":{"line":13,"column":9}},"loc":{"start":{"line":13,"column":22},"end":{"line":19,"column":9}},"line":13}},"branchMap":{"0":{"loc":{"start":{"line":7,"column":19},"end":{"line":7,"column":87}},"type":"cond-expr","locations":[{"start":{"line":7,"column":43},"end":{"line":7,"column":66}},{"start":{"line":7,"column":69},"end":{"line":7,"column":87}}],"line":7},"1":{"loc":{"start":{"line":14,"column":12},"end":{"line":18,"column":13}},"type":"if","locations":[{"start":{"line":14,"column":12},"end":{"line":18,"column":13}},{"start":{"line":16,"column":17},"end":{"line":18,"column":13}}],"line":14}},"s":{"0":3,"1":3,"2":3,"3":3,"4":3,"5":3,"6":2,"7":2,"8":0,"9":3},"f":{"0":3,"1":2},"b":{"0":[3,0],"1":[2,0]},"_coverageSchema":"1a1c01bbd47fc00a2c39e90264f33305004495a9","hash":"d2e17d624f7e15909daa3be85764e129704bf34c"}
,"C:\\Users\\migue\\OneDrive\\Documents\\Dev\\NodeJS\\firtsapirest\\config\\mysql.js": {"path":"C:\\Users\\migue\\OneDrive\\Documents\\Dev\\NodeJS\\firtsapirest\\config\\mysql.js","statementMap":{"0":{"start":{"line":1,"column":22},"end":{"line":1,"column":42}},"1":{"start":{"line":2,"column":17},"end":{"line":2,"column":37}},"2":{"start":{"line":4,"column":17},"end":{"line":4,"column":101}},"3":{"start":{"line":5,"column":17},"end":{"line":5,"column":39}},"4":{"start":{"line":6,"column":17},"end":{"line":6,"column":43}},"5":{"start":{"line":7,"column":13},"end":{"line":7,"column":35}},"6":{"start":{"line":9,"column":18},"end":{"line":12,"column":2}},"7":{"start":{"line":14,"column":23},"end":{"line":21,"column":1}},"8":{"start":{"line":15,"column":2},"end":{"line":20,"column":3}},"9":{"start":{"line":16,"column":4},"end":{"line":16,"column":35}},"10":{"start":{"line":17,"column":4},"end":{"line":17,"column":43}},"11":{"start":{"line":19,"column":4},"end":{"line":19,"column":46}},"12":{"start":{"line":24,"column":0},"end":{"line":24,"column":44}}},"fnMap":{"0":{"name":"(anonymous_0)","decl":{"start":{"line":14,"column":23},"end":{"line":14,"column":24}},"loc":{"start":{"line":14,"column":35},"end":{"line":21,"column":1}},"line":14}},"branchMap":{"0":{"loc":{"start":{"line":4,"column":17},"end":{"line":4,"column":101}},"type":"cond-expr","locations":[{"start":{"line":4,"column":41},"end":{"line":4,"column":72}},{"start":{"line":4,"column":75},"end":{"line":4,"column":101}}],"line":4}},"s":{"0":3,"1":3,"2":3,"3":3,"4":3,"5":3,"6":3,"7":3,"8":0,"9":0,"10":0,"11":0,"12":3},"f":{"0":0},"b":{"0":[3,0]},"_coverageSchema":"1a1c01bbd47fc00a2c39e90264f33305004495a9","hash":"201e0348fc92c1da1bfa7875c189e70957694860"}
,"C:\\Users\\migue\\OneDrive\\Documents\\Dev\\NodeJS\\firtsapirest\\controllers\\auth.js": {"path":"C:\\Users\\migue\\OneDrive\\Documents\\Dev\\NodeJS\\firtsapirest\\controllers\\auth.js","statementMap":{"0":{"start":{"line":1,"column":24},"end":{"line":1,"column":52}},"1":{"start":{"line":2,"column":29},"end":{"line":2,"column":63}},"2":{"start":{"line":3,"column":28},"end":{"line":3,"column":59}},"3":{"start":{"line":4,"column":22},"end":{"line":4,"column":51}},"4":{"start":{"line":5,"column":23},"end":{"line":5,"column":43}},"5":{"start":{"line":11,"column":21},"end":{"line":31,"column":3}},"6":{"start":{"line":12,"column":4},"end":{"line":30,"column":5}},"7":{"start":{"line":13,"column":6},"end":{"line":13,"column":29}},"8":{"start":{"line":14,"column":23},"end":{"line":14,"column":50}},"9":{"start":{"line":16,"column":19},"end":{"line":16,"column":39}},"10":{"start":{"line":17,"column":23},"end":{"line":17,"column":52}},"11":{"start":{"line":19,"column":6},"end":{"line":19,"column":61}},"12":{"start":{"line":21,"column":19},"end":{"line":24,"column":7}},"13":{"start":{"line":25,"column":6},"end":{"line":25,"column":21}},"14":{"start":{"line":26,"column":6},"end":{"line":26,"column":26}},"15":{"start":{"line":28,"column":6},"end":{"line":28,"column":20}},"16":{"start":{"line":29,"column":6},"end":{"line":29,"column":49}},"17":{"start":{"line":38,"column":18},"end":{"line":71,"column":1}},"18":{"start":{"line":39,"column":2},"end":{"line":70,"column":3}},"19":{"start":{"line":40,"column":4},"end":{"line":40,"column":27}},"20":{"start":{"line":42,"column":16},"end":{"line":42,"column":59}},"21":{"start":{"line":44,"column":4},"end":{"line":47,"column":5}},"22":{"start":{"line":45,"column":6},"end":{"line":45,"column":51}},"23":{"start":{"line":46,"column":6},"end":{"line":46,"column":12}},"24":{"start":{"line":49,"column":25},"end":{"line":49,"column":45}},"25":{"start":{"line":52,"column":18},"end":{"line":52,"column":22}},"26":{"start":{"line":53,"column":4},"end":{"line":56,"column":5}},"27":{"start":{"line":54,"column":6},"end":{"line":54,"column":52}},"28":{"start":{"line":55,"column":6},"end":{"line":55,"column":12}},"29":{"start":{"line":58,"column":4},"end":{"line":58,"column":51}},"30":{"start":{"line":59,"column":17},"end":{"line":62,"column":5}},"31":{"start":{"line":64,"column":4},"end":{"line":64,"column":20}},"32":{"start":{"line":68,"column":4},"end":{"line":68,"column":18}},"33":{"start":{"line":69,"column":4},"end":{"line":69,"column":44}},"34":{"start":{"line":73,"column":2},"end":{"line":73,"column":47}}},"fnMap":{"0":{"name":"(anonymous_0)","decl":{"start":{"line":11,"column":21},"end":{"line":11,"column":22}},"loc":{"start":{"line":11,"column":41},"end":{"line":31,"column":3}},"line":11},"1":{"name":"(anonymous_1)","decl":{"start":{"line":38,"column":18},"end":{"line":38,"column":19}},"loc":{"start":{"line":38,"column":38},"end":{"line":71,"column":1}},"line":38}},"branchMap":{"0":{"loc":{"start":{"line":44,"column":4},"end":{"line":47,"column":5}},"type":"if","locations":[{"start":{"line":44,"column":4},"end":{"line":47,"column":5}},{"start":{},"end":{}}],"line":44},"1":{"loc":{"start":{"line":53,"column":4},"end":{"line":56,"column":5}},"type":"if","locations":[{"start":{"line":53,"column":4},"end":{"line":56,"column":5}},{"start":{},"end":{}}],"line":53}},"s":{"0":3,"1":3,"2":3,"3":3,"4":3,"5":3,"6":0,"7":0,"8":0,"9":0,"10":0,"11":0,"12":0,"13":0,"14":0,"15":0,"16":0,"17":3,"18":0,"19":0,"20":0,"21":0,"22":0,"23":0,"24":0,"25":0,"26":0,"27":0,"28":0,"29":0,"30":0,"31":0,"32":0,"33":0,"34":3},"f":{"0":0,"1":0},"b":{"0":[0,0],"1":[0,0]},"_coverageSchema":"1a1c01bbd47fc00a2c39e90264f33305004495a9","hash":"f44ab1d0379142202c85caee1eab522f408a3ed1"}
,"C:\\Users\\migue\\OneDrive\\Documents\\Dev\\NodeJS\\firtsapirest\\controllers\\storage.js": {"path":"C:\\Users\\migue\\OneDrive\\Documents\\Dev\\NodeJS\\firtsapirest\\controllers\\storage.js","statementMap":{"0":{"start":{"line":1,"column":11},"end":{"line":1,"column":24}},"1":{"start":{"line":3,"column":25},"end":{"line":3,"column":45}},"2":{"start":{"line":4,"column":28},"end":{"line":4,"column":59}},"3":{"start":{"line":5,"column":24},"end":{"line":5,"column":52}},"4":{"start":{"line":7,"column":20},"end":{"line":7,"column":42}},"5":{"start":{"line":8,"column":20},"end":{"line":8,"column":45}},"6":{"start":{"line":14,"column":16},"end":{"line":23,"column":1}},"7":{"start":{"line":17,"column":4},"end":{"line":22,"column":5}},"8":{"start":{"line":18,"column":21},"end":{"line":18,"column":48}},"9":{"start":{"line":19,"column":8},"end":{"line":19,"column":29}},"10":{"start":{"line":21,"column":8},"end":{"line":21,"column":74}},"11":{"start":{"line":29,"column":16},"end":{"line":37,"column":1}},"12":{"start":{"line":30,"column":4},"end":{"line":36,"column":5}},"13":{"start":{"line":31,"column":21},"end":{"line":31,"column":41}},"14":{"start":{"line":32,"column":21},"end":{"line":32,"column":52}},"15":{"start":{"line":33,"column":8},"end":{"line":33,"column":30}},"16":{"start":{"line":35,"column":8},"end":{"line":35,"column":63}},"17":{"start":{"line":43,"column":19},"end":{"line":57,"column":1}},"18":{"start":{"line":44,"column":4},"end":{"line":56,"column":5}},"19":{"start":{"line":45,"column":31},"end":{"line":45,"column":38}},"20":{"start":{"line":47,"column":8},"end":{"line":47,"column":25}},"21":{"start":{"line":48,"column":25},"end":{"line":51,"column":9}},"22":{"start":{"line":52,"column":21},"end":{"line":52,"column":56}},"23":{"start":{"line":53,"column":8},"end":{"line":53,"column":29}},"24":{"start":{"line":55,"column":8},"end":{"line":55,"column":61}},"25":{"start":{"line":64,"column":19},"end":{"line":83,"column":1}},"26":{"start":{"line":65,"column":4},"end":{"line":82,"column":5}},"27":{"start":{"line":66,"column":23},"end":{"line":66,"column":43}},"28":{"start":{"line":67,"column":25},"end":{"line":67,"column":56}},"29":{"start":{"line":68,"column":29},"end":{"line":68,"column":37}},"30":{"start":{"line":69,"column":25},"end":{"line":69,"column":52}},"31":{"start":{"line":72,"column":21},"end":{"line":75,"column":9}},"32":{"start":{"line":78,"column":8},"end":{"line":78,"column":43}},"33":{"start":{"line":79,"column":8},"end":{"line":79,"column":29}},"34":{"start":{"line":81,"column":8},"end":{"line":81,"column":61}},"35":{"start":{"line":85,"column":0},"end":{"line":85,"column":62}}},"fnMap":{"0":{"name":"(anonymous_0)","decl":{"start":{"line":14,"column":16},"end":{"line":14,"column":17}},"loc":{"start":{"line":14,"column":43},"end":{"line":23,"column":1}},"line":14},"1":{"name":"(anonymous_1)","decl":{"start":{"line":29,"column":16},"end":{"line":29,"column":17}},"loc":{"start":{"line":29,"column":43},"end":{"line":37,"column":1}},"line":29},"2":{"name":"(anonymous_2)","decl":{"start":{"line":43,"column":19},"end":{"line":43,"column":20}},"loc":{"start":{"line":43,"column":46},"end":{"line":57,"column":1}},"line":43},"3":{"name":"(anonymous_3)","decl":{"start":{"line":64,"column":19},"end":{"line":64,"column":20}},"loc":{"start":{"line":64,"column":46},"end":{"line":83,"column":1}},"line":64}},"branchMap":{},"s":{"0":3,"1":3,"2":3,"3":3,"4":3,"5":3,"6":3,"7":1,"8":1,"9":1,"10":0,"11":3,"12":1,"13":1,"14":1,"15":1,"16":0,"17":3,"18":1,"19":1,"20":1,"21":1,"22":1,"23":1,"24":0,"25":3,"26":1,"27":1,"28":1,"29":1,"30":1,"31":1,"32":1,"33":1,"34":0,"35":3},"f":{"0":1,"1":1,"2":1,"3":1},"b":{},"_coverageSchema":"1a1c01bbd47fc00a2c39e90264f33305004495a9","hash":"27a2554deb4c814d494623c6817ae4906192590a"}
,"C:\\Users\\migue\\OneDrive\\Documents\\Dev\\NodeJS\\firtsapirest\\controllers\\tracks.js": {"path":"C:\\Users\\migue\\OneDrive\\Documents\\Dev\\NodeJS\\firtsapirest\\controllers\\tracks.js","statementMap":{"0":{"start":{"line":3,"column":24},"end":{"line":3,"column":52}},"1":{"start":{"line":4,"column":24},"end":{"line":4,"column":44}},"2":{"start":{"line":5,"column":28},"end":{"line":5,"column":59}},"3":{"start":{"line":13,"column":16},"end":{"line":24,"column":1}},"4":{"start":{"line":16,"column":4},"end":{"line":23,"column":5}},"5":{"start":{"line":18,"column":21},"end":{"line":18,"column":54}},"6":{"start":{"line":19,"column":21},"end":{"line":19,"column":33}},"7":{"start":{"line":20,"column":8},"end":{"line":20,"column":35}},"8":{"start":{"line":22,"column":8},"end":{"line":22,"column":64}},"9":{"start":{"line":30,"column":16},"end":{"line":39,"column":1}},"10":{"start":{"line":31,"column":4},"end":{"line":38,"column":5}},"11":{"start":{"line":32,"column":21},"end":{"line":32,"column":41}},"12":{"start":{"line":34,"column":21},"end":{"line":34,"column":54}},"13":{"start":{"line":35,"column":8},"end":{"line":35,"column":30}},"14":{"start":{"line":37,"column":8},"end":{"line":37,"column":62}},"15":{"start":{"line":45,"column":19},"end":{"line":58,"column":1}},"16":{"start":{"line":46,"column":4},"end":{"line":57,"column":5}},"17":{"start":{"line":48,"column":21},"end":{"line":48,"column":41}},"18":{"start":{"line":51,"column":8},"end":{"line":51,"column":25}},"19":{"start":{"line":53,"column":21},"end":{"line":53,"column":51}},"20":{"start":{"line":54,"column":8},"end":{"line":54,"column":29}},"21":{"start":{"line":56,"column":8},"end":{"line":56,"column":61}},"22":{"start":{"line":64,"column":19},"end":{"line":74,"column":1}},"23":{"start":{"line":65,"column":4},"end":{"line":73,"column":5}},"24":{"start":{"line":66,"column":30},"end":{"line":66,"column":50}},"25":{"start":{"line":67,"column":21},"end":{"line":69,"column":9}},"26":{"start":{"line":70,"column":8},"end":{"line":70,"column":32}},"27":{"start":{"line":72,"column":8},"end":{"line":72,"column":62}},"28":{"start":{"line":80,"column":19},"end":{"line":90,"column":1}},"29":{"start":{"line":81,"column":4},"end":{"line":89,"column":5}},"30":{"start":{"line":82,"column":21},"end":{"line":82,"column":41}},"31":{"start":{"line":85,"column":21},"end":{"line":85,"column":55}},"32":{"start":{"line":86,"column":8},"end":{"line":86,"column":29}},"33":{"start":{"line":88,"column":8},"end":{"line":88,"column":61}},"34":{"start":{"line":92,"column":0},"end":{"line":92,"column":74}}},"fnMap":{"0":{"name":"(anonymous_0)","decl":{"start":{"line":13,"column":16},"end":{"line":13,"column":17}},"loc":{"start":{"line":13,"column":43},"end":{"line":24,"column":1}},"line":13},"1":{"name":"(anonymous_1)","decl":{"start":{"line":30,"column":16},"end":{"line":30,"column":17}},"loc":{"start":{"line":30,"column":43},"end":{"line":39,"column":1}},"line":30},"2":{"name":"(anonymous_2)","decl":{"start":{"line":45,"column":19},"end":{"line":45,"column":20}},"loc":{"start":{"line":45,"column":46},"end":{"line":58,"column":1}},"line":45},"3":{"name":"(anonymous_3)","decl":{"start":{"line":64,"column":19},"end":{"line":64,"column":20}},"loc":{"start":{"line":64,"column":46},"end":{"line":74,"column":1}},"line":64},"4":{"name":"(anonymous_4)","decl":{"start":{"line":80,"column":19},"end":{"line":80,"column":20}},"loc":{"start":{"line":80,"column":46},"end":{"line":90,"column":1}},"line":80}},"branchMap":{},"s":{"0":3,"1":3,"2":3,"3":3,"4":1,"5":1,"6":1,"7":1,"8":0,"9":3,"10":1,"11":1,"12":1,"13":1,"14":0,"15":3,"16":1,"17":1,"18":1,"19":1,"20":1,"21":0,"22":3,"23":0,"24":0,"25":0,"26":0,"27":0,"28":3,"29":1,"30":1,"31":1,"32":1,"33":0,"34":3},"f":{"0":1,"1":1,"2":1,"3":0,"4":1},"b":{},"_coverageSchema":"1a1c01bbd47fc00a2c39e90264f33305004495a9","hash":"d276cf555b18bfd83ed676ea77ead7fbc0c6f2da"}
,"C:\\Users\\migue\\OneDrive\\Documents\\Dev\\NodeJS\\firtsapirest\\docs\\swagger.js": {"path":"C:\\Users\\migue\\OneDrive\\Documents\\Dev\\NodeJS\\firtsapirest\\docs\\swagger.js","statementMap":{"0":{"start":{"line":1,"column":21},"end":{"line":1,"column":45}},"1":{"start":{"line":7,"column":26},"end":{"line":118,"column":1}},"2":{"start":{"line":123,"column":16},"end":{"line":126,"column":1}},"3":{"start":{"line":128,"column":28},"end":{"line":128,"column":49}},"4":{"start":{"line":130,"column":0},"end":{"line":130,"column":37}}},"fnMap":{},"branchMap":{},"s":{"0":3,"1":3,"2":3,"3":3,"4":3},"f":{},"b":{},"_coverageSchema":"1a1c01bbd47fc00a2c39e90264f33305004495a9","hash":"9aff654488751ddee6c017e32dc5e6ac3509552b"}
,"C:\\Users\\migue\\OneDrive\\Documents\\Dev\\NodeJS\\firtsapirest\\middleware\\customHandler.js": {"path":"C:\\Users\\migue\\OneDrive\\Documents\\Dev\\NodeJS\\firtsapirest\\middleware\\customHandler.js","statementMap":{"0":{"start":{"line":1,"column":22},"end":{"line":17,"column":1}},"1":{"start":{"line":2,"column":4},"end":{"line":2,"column":25}},"2":{"start":{"line":3,"column":4},"end":{"line":3,"column":28}},"3":{"start":{"line":4,"column":4},"end":{"line":15,"column":5}},"4":{"start":{"line":5,"column":23},"end":{"line":5,"column":42}},"5":{"start":{"line":6,"column":8},"end":{"line":11,"column":9}},"6":{"start":{"line":7,"column":12},"end":{"line":7,"column":19}},"7":{"start":{"line":9,"column":12},"end":{"line":9,"column":28}},"8":{"start":{"line":10,"column":12},"end":{"line":10,"column":58}},"9":{"start":{"line":13,"column":8},"end":{"line":13,"column":24}},"10":{"start":{"line":14,"column":8},"end":{"line":14,"column":64}},"11":{"start":{"line":19,"column":0},"end":{"line":19,"column":33}}},"fnMap":{"0":{"name":"(anonymous_0)","decl":{"start":{"line":1,"column":22},"end":{"line":1,"column":23}},"loc":{"start":{"line":1,"column":42},"end":{"line":17,"column":1}},"line":1}},"branchMap":{"0":{"loc":{"start":{"line":6,"column":8},"end":{"line":11,"column":9}},"type":"if","locations":[{"start":{"line":6,"column":8},"end":{"line":11,"column":9}},{"start":{"line":8,"column":15},"end":{"line":11,"column":9}}],"line":6}},"s":{"0":3,"1":0,"2":0,"3":0,"4":0,"5":0,"6":0,"7":0,"8":0,"9":0,"10":0,"11":3},"f":{"0":0},"b":{"0":[0,0]},"_coverageSchema":"1a1c01bbd47fc00a2c39e90264f33305004495a9","hash":"d2361b142d195004bc7748fe17b4b7d9b69b2d7a"}
,"C:\\Users\\migue\\OneDrive\\Documents\\Dev\\NodeJS\\firtsapirest\\middleware\\rol.js": {"path":"C:\\Users\\migue\\OneDrive\\Documents\\Dev\\NodeJS\\firtsapirest\\middleware\\rol.js","statementMap":{"0":{"start":{"line":1,"column":28},"end":{"line":1,"column":59}},"1":{"start":{"line":7,"column":17},"end":{"line":23,"column":1}},"2":{"start":{"line":7,"column":28},"end":{"line":23,"column":1}},"3":{"start":{"line":8,"column":2},"end":{"line":22,"column":3}},"4":{"start":{"line":9,"column":21},"end":{"line":9,"column":24}},"5":{"start":{"line":10,"column":24},"end":{"line":10,"column":33}},"6":{"start":{"line":12,"column":26},"end":{"line":14,"column":5}},"7":{"start":{"line":13,"column":6},"end":{"line":13,"column":37}},"8":{"start":{"line":15,"column":4},"end":{"line":18,"column":5}},"9":{"start":{"line":16,"column":6},"end":{"line":16,"column":56}},"10":{"start":{"line":17,"column":6},"end":{"line":17,"column":13}},"11":{"start":{"line":19,"column":4},"end":{"line":19,"column":11}},"12":{"start":{"line":21,"column":4},"end":{"line":21,"column":51}},"13":{"start":{"line":25,"column":0},"end":{"line":25,"column":26}}},"fnMap":{"0":{"name":"(anonymous_0)","decl":{"start":{"line":7,"column":17},"end":{"line":7,"column":18}},"loc":{"start":{"line":7,"column":28},"end":{"line":23,"column":1}},"line":7},"1":{"name":"(anonymous_1)","decl":{"start":{"line":7,"column":28},"end":{"line":7,"column":29}},"loc":{"start":{"line":7,"column":48},"end":{"line":23,"column":1}},"line":7},"2":{"name":"(anonymous_2)","decl":{"start":{"line":12,"column":37},"end":{"line":12,"column":38}},"loc":{"start":{"line":13,"column":6},"end":{"line":13,"column":37}},"line":13}},"branchMap":{"0":{"loc":{"start":{"line":15,"column":4},"end":{"line":18,"column":5}},"type":"if","locations":[{"start":{"line":15,"column":4},"end":{"line":18,"column":5}},{"start":{},"end":{}}],"line":15}},"s":{"0":3,"1":3,"2":3,"3":1,"4":1,"5":1,"6":1,"7":1,"8":1,"9":0,"10":0,"11":1,"12":0,"13":3},"f":{"0":3,"1":1,"2":1},"b":{"0":[0,1]},"_coverageSchema":"1a1c01bbd47fc00a2c39e90264f33305004495a9","hash":"317115e9511213f5c855985a76e0259697440109"}
,"C:\\Users\\migue\\OneDrive\\Documents\\Dev\\NodeJS\\firtsapirest\\middleware\\session.js": {"path":"C:\\Users\\migue\\OneDrive\\Documents\\Dev\\NodeJS\\firtsapirest\\middleware\\session.js","statementMap":{"0":{"start":{"line":1,"column":28},"end":{"line":1,"column":59}},"1":{"start":{"line":2,"column":24},"end":{"line":2,"column":53}},"2":{"start":{"line":3,"column":21},"end":{"line":3,"column":41}},"3":{"start":{"line":4,"column":22},"end":{"line":4,"column":64}},"4":{"start":{"line":5,"column":22},"end":{"line":5,"column":37}},"5":{"start":{"line":7,"column":23},"end":{"line":36,"column":1}},"6":{"start":{"line":8,"column":2},"end":{"line":35,"column":3}},"7":{"start":{"line":10,"column":4},"end":{"line":13,"column":5}},"8":{"start":{"line":11,"column":8},"end":{"line":11,"column":50}},"9":{"start":{"line":12,"column":8},"end":{"line":12,"column":14}},"10":{"start":{"line":15,"column":18},"end":{"line":15,"column":60}},"11":{"start":{"line":16,"column":22},"end":{"line":16,"column":46}},"12":{"start":{"line":18,"column":4},"end":{"line":21,"column":5}},"13":{"start":{"line":19,"column":8},"end":{"line":19,"column":54}},"14":{"start":{"line":20,"column":8},"end":{"line":20,"column":14}},"15":{"start":{"line":23,"column":18},"end":{"line":25,"column":5}},"16":{"start":{"line":27,"column":17},"end":{"line":27,"column":48}},"17":{"start":{"line":28,"column":4},"end":{"line":28,"column":19}},"18":{"start":{"line":30,"column":4},"end":{"line":30,"column":10}},"19":{"start":{"line":34,"column":4},"end":{"line":34,"column":45}},"20":{"start":{"line":38,"column":0},"end":{"line":38,"column":32}}},"fnMap":{"0":{"name":"(anonymous_0)","decl":{"start":{"line":7,"column":23},"end":{"line":7,"column":24}},"loc":{"start":{"line":7,"column":49},"end":{"line":36,"column":1}},"line":7}},"branchMap":{"0":{"loc":{"start":{"line":10,"column":4},"end":{"line":13,"column":5}},"type":"if","locations":[{"start":{"line":10,"column":4},"end":{"line":13,"column":5}},{"start":{},"end":{}}],"line":10},"1":{"loc":{"start":{"line":18,"column":4},"end":{"line":21,"column":5}},"type":"if","locations":[{"start":{"line":18,"column":4},"end":{"line":21,"column":5}},{"start":{},"end":{}}],"line":18}},"s":{"0":3,"1":3,"2":3,"3":3,"4":3,"5":3,"6":4,"7":4,"8":0,"9":0,"10":4,"11":4,"12":4,"13":0,"14":0,"15":4,"16":4,"17":4,"18":4,"19":0,"20":3},"f":{"0":4},"b":{"0":[0,4],"1":[0,4]},"_coverageSchema":"1a1c01bbd47fc00a2c39e90264f33305004495a9","hash":"9042458fa9e39790a680917b113522cb9abe4280"}
,"C:\\Users\\migue\\OneDrive\\Documents\\Dev\\NodeJS\\firtsapirest\\models\\index.js": {"path":"C:\\Users\\migue\\OneDrive\\Documents\\Dev\\NodeJS\\firtsapirest\\models\\index.js","statementMap":{"0":{"start":{"line":1,"column":18},"end":{"line":1,"column":39}},"1":{"start":{"line":3,"column":19},"end":{"line":3,"column":64}},"2":{"start":{"line":5,"column":15},"end":{"line":9,"column":1}},"3":{"start":{"line":11,"column":2},"end":{"line":11,"column":25}}},"fnMap":{},"branchMap":{"0":{"loc":{"start":{"line":3,"column":19},"end":{"line":3,"column":64}},"type":"cond-expr","locations":[{"start":{"line":3,"column":43},"end":{"line":3,"column":52}},{"start":{"line":3,"column":55},"end":{"line":3,"column":64}}],"line":3}},"s":{"0":3,"1":3,"2":3,"3":3},"f":{},"b":{"0":[3,0]},"_coverageSchema":"1a1c01bbd47fc00a2c39e90264f33305004495a9","hash":"46bd6dd622180b1148707a87868a27e29c5fbce3"}
,"C:\\Users\\migue\\OneDrive\\Documents\\Dev\\NodeJS\\firtsapirest\\models\\nosql\\storage.js": {"path":"C:\\Users\\migue\\OneDrive\\Documents\\Dev\\NodeJS\\firtsapirest\\models\\nosql\\storage.js","statementMap":{"0":{"start":{"line":1,"column":17},"end":{"line":1,"column":36}},"1":{"start":{"line":2,"column":23},"end":{"line":2,"column":49}},"2":{"start":{"line":3,"column":22},"end":{"line":16,"column":1}},"3":{"start":{"line":17,"column":0},"end":{"line":17,"column":65}},"4":{"start":{"line":18,"column":0},"end":{"line":18,"column":58}}},"fnMap":{},"branchMap":{},"s":{"0":3,"1":3,"2":3,"3":3,"4":3},"f":{},"b":{},"_coverageSchema":"1a1c01bbd47fc00a2c39e90264f33305004495a9","hash":"da009a27b9fe8606429e52f7b45a8c03b1031ce5"}
,"C:\\Users\\migue\\OneDrive\\Documents\\Dev\\NodeJS\\firtsapirest\\models\\nosql\\tracks.js": {"path":"C:\\Users\\migue\\OneDrive\\Documents\\Dev\\NodeJS\\firtsapirest\\models\\nosql\\tracks.js","statementMap":{"0":{"start":{"line":1,"column":17},"end":{"line":1,"column":36}},"1":{"start":{"line":2,"column":23},"end":{"line":2,"column":49}},"2":{"start":{"line":3,"column":21},"end":{"line":47,"column":1}},"3":{"start":{"line":15,"column":10},"end":{"line":15,"column":22}},"4":{"start":{"line":53,"column":0},"end":{"line":69,"column":2}},"5":{"start":{"line":54,"column":19},"end":{"line":67,"column":4}},"6":{"start":{"line":68,"column":2},"end":{"line":68,"column":18}},"7":{"start":{"line":71,"column":0},"end":{"line":91,"column":2}},"8":{"start":{"line":72,"column":19},"end":{"line":89,"column":4}},"9":{"start":{"line":90,"column":2},"end":{"line":90,"column":18}},"10":{"start":{"line":93,"column":0},"end":{"line":93,"column":64}},"11":{"start":{"line":94,"column":0},"end":{"line":94,"column":56}}},"fnMap":{"0":{"name":"(anonymous_0)","decl":{"start":{"line":14,"column":19},"end":{"line":14,"column":20}},"loc":{"start":{"line":14,"column":28},"end":{"line":16,"column":9}},"line":14},"1":{"name":"(anonymous_1)","decl":{"start":{"line":53,"column":35},"end":{"line":53,"column":36}},"loc":{"start":{"line":53,"column":47},"end":{"line":69,"column":1}},"line":53},"2":{"name":"(anonymous_2)","decl":{"start":{"line":71,"column":35},"end":{"line":71,"column":36}},"loc":{"start":{"line":71,"column":49},"end":{"line":91,"column":1}},"line":71}},"branchMap":{},"s":{"0":3,"1":3,"2":3,"3":1,"4":3,"5":1,"6":1,"7":3,"8":1,"9":1,"10":3,"11":3},"f":{"0":1,"1":1,"2":1},"b":{},"_coverageSchema":"1a1c01bbd47fc00a2c39e90264f33305004495a9","hash":"7266e6164c152eebaabcfad3be959c3803b3985b"}
,"C:\\Users\\migue\\OneDrive\\Documents\\Dev\\NodeJS\\firtsapirest\\models\\nosql\\users.js": {"path":"C:\\Users\\migue\\OneDrive\\Documents\\Dev\\NodeJS\\firtsapirest\\models\\nosql\\users.js","statementMap":{"0":{"start":{"line":1,"column":17},"end":{"line":1,"column":36}},"1":{"start":{"line":2,"column":23},"end":{"line":2,"column":49}},"2":{"start":{"line":9,"column":19},"end":{"line":34,"column":1}},"3":{"start":{"line":36,"column":0},"end":{"line":36,"column":62}},"4":{"start":{"line":37,"column":0},"end":{"line":37,"column":53}}},"fnMap":{},"branchMap":{},"s":{"0":3,"1":3,"2":3,"3":3,"4":3},"f":{},"b":{},"_coverageSchema":"1a1c01bbd47fc00a2c39e90264f33305004495a9","hash":"6e2356f95e8706b7f828568abaa012717d540b64"}
,"C:\\Users\\migue\\OneDrive\\Documents\\Dev\\NodeJS\\firtsapirest\\routes\\auth.js": {"path":"C:\\Users\\migue\\OneDrive\\Documents\\Dev\\NodeJS\\firtsapirest\\routes\\auth.js","statementMap":{"0":{"start":{"line":2,"column":16},"end":{"line":2,"column":34}},"1":{"start":{"line":3,"column":34},"end":{"line":3,"column":64}},"2":{"start":{"line":4,"column":15},"end":{"line":4,"column":31}},"3":{"start":{"line":5,"column":46},"end":{"line":5,"column":75}},"4":{"start":{"line":30,"column":0},"end":{"line":30,"column":58}},"5":{"start":{"line":57,"column":0},"end":{"line":57,"column":49}},"6":{"start":{"line":59,"column":0},"end":{"line":59,"column":24}}},"fnMap":{},"branchMap":{},"s":{"0":3,"1":3,"2":3,"3":3,"4":3,"5":3,"6":3},"f":{},"b":{},"_coverageSchema":"1a1c01bbd47fc00a2c39e90264f33305004495a9","hash":"f50b6284cc99159855293f4a22c4493779f9a087"}
,"C:\\Users\\migue\\OneDrive\\Documents\\Dev\\NodeJS\\firtsapirest\\routes\\index.js": {"path":"C:\\Users\\migue\\OneDrive\\Documents\\Dev\\NodeJS\\firtsapirest\\routes\\index.js","statementMap":{"0":{"start":{"line":1,"column":16},"end":{"line":1,"column":34}},"1":{"start":{"line":3,"column":11},"end":{"line":3,"column":24}},"2":{"start":{"line":4,"column":15},"end":{"line":4,"column":31}},"3":{"start":{"line":6,"column":20},"end":{"line":6,"column":29}},"4":{"start":{"line":8,"column":24},"end":{"line":11,"column":1}},"5":{"start":{"line":10,"column":4},"end":{"line":10,"column":38}},"6":{"start":{"line":14,"column":0},"end":{"line":22,"column":2}},"7":{"start":{"line":15,"column":17},"end":{"line":15,"column":38}},"8":{"start":{"line":16,"column":17},"end":{"line":16,"column":26}},"9":{"start":{"line":17,"column":4},"end":{"line":17,"column":21}},"10":{"start":{"line":18,"column":4},"end":{"line":21,"column":5}},"11":{"start":{"line":19,"column":8},"end":{"line":19,"column":45}},"12":{"start":{"line":20,"column":8},"end":{"line":20,"column":52}},"13":{"start":{"line":24,"column":0},"end":{"line":24,"column":23}}},"fnMap":{"0":{"name":"(anonymous_0)","decl":{"start":{"line":8,"column":24},"end":{"line":8,"column":25}},"loc":{"start":{"line":8,"column":38},"end":{"line":11,"column":1}},"line":8},"1":{"name":"(anonymous_1)","decl":{"start":{"line":14,"column":35},"end":{"line":14,"column":36}},"loc":{"start":{"line":14,"column":45},"end":{"line":22,"column":1}},"line":14}},"branchMap":{"0":{"loc":{"start":{"line":18,"column":4},"end":{"line":21,"column":5}},"type":"if","locations":[{"start":{"line":18,"column":4},"end":{"line":21,"column":5}},{"start":{},"end":{}}],"line":18}},"s":{"0":3,"1":3,"2":3,"3":3,"4":3,"5":12,"6":3,"7":12,"8":12,"9":12,"10":12,"11":9,"12":9,"13":3},"f":{"0":12,"1":12},"b":{"0":[9,3]},"_coverageSchema":"1a1c01bbd47fc00a2c39e90264f33305004495a9","hash":"82463fb63bc78bd7f274e2fbbe6d21c4d634cd3b"}
,"C:\\Users\\migue\\OneDrive\\Documents\\Dev\\NodeJS\\firtsapirest\\routes\\storage.js": {"path":"C:\\Users\\migue\\OneDrive\\Documents\\Dev\\NodeJS\\firtsapirest\\routes\\storage.js","statementMap":{"0":{"start":{"line":1,"column":16},"end":{"line":1,"column":34}},"1":{"start":{"line":2,"column":54},"end":{"line":2,"column":87}},"2":{"start":{"line":3,"column":26},"end":{"line":3,"column":59}},"3":{"start":{"line":4,"column":29},"end":{"line":4,"column":61}},"4":{"start":{"line":5,"column":15},"end":{"line":5,"column":31}},"5":{"start":{"line":30,"column":0},"end":{"line":30,"column":24}},"6":{"start":{"line":60,"column":0},"end":{"line":60,"column":45}},"7":{"start":{"line":86,"column":0},"end":{"line":86,"column":64}},"8":{"start":{"line":119,"column":0},"end":{"line":119,"column":52}},"9":{"start":{"line":120,"column":0},"end":{"line":120,"column":24}}},"fnMap":{},"branchMap":{},"s":{"0":3,"1":3,"2":3,"3":3,"4":3,"5":3,"6":3,"7":3,"8":3,"9":3},"f":{},"b":{},"_coverageSchema":"1a1c01bbd47fc00a2c39e90264f33305004495a9","hash":"a598680f1866b08ee9ee675ce35be31218bb4401"}
,"C:\\Users\\migue\\OneDrive\\Documents\\Dev\\NodeJS\\firtsapirest\\routes\\tracks.js": {"path":"C:\\Users\\migue\\OneDrive\\Documents\\Dev\\NodeJS\\firtsapirest\\routes\\tracks.js","statementMap":{"0":{"start":{"line":1,"column":16},"end":{"line":1,"column":34}},"1":{"start":{"line":2,"column":15},"end":{"line":2,"column":31}},"2":{"start":{"line":3,"column":49},"end":{"line":3,"column":80}},"3":{"start":{"line":4,"column":26},"end":{"line":4,"column":64}},"4":{"start":{"line":5,"column":24},"end":{"line":5,"column":56}},"5":{"start":{"line":6,"column":18},"end":{"line":6,"column":46}},"6":{"start":{"line":9,"column":66},"end":{"line":9,"column":98}},"7":{"start":{"line":35,"column":0},"end":{"line":35,"column":41}},"8":{"start":{"line":64,"column":0},"end":{"line":64,"column":60}},"9":{"start":{"line":92,"column":0},"end":{"line":92,"column":95}},"10":{"start":{"line":132,"column":0},"end":{"line":132,"column":85}},"11":{"start":{"line":158,"column":0},"end":{"line":158,"column":67}},"12":{"start":{"line":160,"column":0},"end":{"line":160,"column":24}}},"fnMap":{},"branchMap":{},"s":{"0":3,"1":3,"2":3,"3":3,"4":3,"5":3,"6":3,"7":3,"8":3,"9":3,"10":3,"11":3,"12":3},"f":{},"b":{},"_coverageSchema":"1a1c01bbd47fc00a2c39e90264f33305004495a9","hash":"9f668d39ad0cfb581aabe22e7afb1c0a4d37fcc6"}
,"C:\\Users\\migue\\OneDrive\\Documents\\Dev\\NodeJS\\firtsapirest\\test\\helper\\helperData.js": {"path":"C:\\Users\\migue\\OneDrive\\Documents\\Dev\\NodeJS\\firtsapirest\\test\\helper\\helperData.js","statementMap":{"0":{"start":{"line":1,"column":22},"end":{"line":4,"column":3}},"1":{"start":{"line":6,"column":27},"end":{"line":11,"column":3}},"2":{"start":{"line":13,"column":32},"end":{"line":19,"column":3}},"3":{"start":{"line":21,"column":30},"end":{"line":24,"column":3}},"4":{"start":{"line":26,"column":24},"end":{"line":40,"column":3}},"5":{"start":{"line":43,"column":2},"end":{"line":49,"column":3}}},"fnMap":{},"branchMap":{},"s":{"0":3,"1":3,"2":3,"3":3,"4":3,"5":3},"f":{},"b":{},"_coverageSchema":"1a1c01bbd47fc00a2c39e90264f33305004495a9","hash":"4cd5e1ca7ee93098c1137b966b85aa197cfc6ddc"}
,"C:\\Users\\migue\\OneDrive\\Documents\\Dev\\NodeJS\\firtsapirest\\utils\\handleError.js": {"path":"C:\\Users\\migue\\OneDrive\\Documents\\Dev\\NodeJS\\firtsapirest\\utils\\handleError.js","statementMap":{"0":{"start":{"line":1,"column":24},"end":{"line":4,"column":3}},"1":{"start":{"line":2,"column":4},"end":{"line":2,"column":21}},"2":{"start":{"line":3,"column":4},"end":{"line":3,"column":33}},"3":{"start":{"line":6,"column":2},"end":{"line":6,"column":39}}},"fnMap":{"0":{"name":"(anonymous_0)","decl":{"start":{"line":1,"column":24},"end":{"line":1,"column":25}},"loc":{"start":{"line":1,"column":71},"end":{"line":4,"column":3}},"line":1}},"branchMap":{"0":{"loc":{"start":{"line":1,"column":30},"end":{"line":1,"column":54}},"type":"default-arg","locations":[{"start":{"line":1,"column":40},"end":{"line":1,"column":54}}],"line":1},"1":{"loc":{"start":{"line":1,"column":56},"end":{"line":1,"column":66}},"type":"default-arg","locations":[{"start":{"line":1,"column":63},"end":{"line":1,"column":66}}],"line":1}},"s":{"0":3,"1":0,"2":0,"3":3},"f":{"0":0},"b":{"0":[0],"1":[0]},"_coverageSchema":"1a1c01bbd47fc00a2c39e90264f33305004495a9","hash":"207737d9b69785e44bcda4f9c83ca0d1a53b7521"}
,"C:\\Users\\migue\\OneDrive\\Documents\\Dev\\NodeJS\\firtsapirest\\utils\\handleJwt.js": {"path":"C:\\Users\\migue\\OneDrive\\Documents\\Dev\\NodeJS\\firtsapirest\\utils\\handleJwt.js","statementMap":{"0":{"start":{"line":1,"column":12},"end":{"line":1,"column":35}},"1":{"start":{"line":2,"column":19},"end":{"line":2,"column":41}},"2":{"start":{"line":3,"column":22},"end":{"line":3,"column":64}},"3":{"start":{"line":4,"column":22},"end":{"line":4,"column":37}},"4":{"start":{"line":9,"column":18},"end":{"line":22,"column":1}},"5":{"start":{"line":10,"column":15},"end":{"line":19,"column":3}},"6":{"start":{"line":21,"column":2},"end":{"line":21,"column":13}},"7":{"start":{"line":29,"column":20},"end":{"line":35,"column":1}},"8":{"start":{"line":30,"column":4},"end":{"line":34,"column":5}},"9":{"start":{"line":31,"column":8},"end":{"line":31,"column":47}},"10":{"start":{"line":33,"column":8},"end":{"line":33,"column":19}},"11":{"start":{"line":37,"column":0},"end":{"line":37,"column":44}}},"fnMap":{"0":{"name":"(anonymous_0)","decl":{"start":{"line":9,"column":18},"end":{"line":9,"column":19}},"loc":{"start":{"line":9,"column":34},"end":{"line":22,"column":1}},"line":9},"1":{"name":"(anonymous_1)","decl":{"start":{"line":29,"column":20},"end":{"line":29,"column":21}},"loc":{"start":{"line":29,"column":40},"end":{"line":35,"column":1}},"line":29}},"branchMap":{},"s":{"0":3,"1":3,"2":3,"3":3,"4":3,"5":1,"6":1,"7":3,"8":4,"9":4,"10":0,"11":3},"f":{"0":1,"1":4},"b":{},"_coverageSchema":"1a1c01bbd47fc00a2c39e90264f33305004495a9","hash":"3883be23c45c5fe7e9ab78d5d5818d49099c4386"}
,"C:\\Users\\migue\\OneDrive\\Documents\\Dev\\NodeJS\\firtsapirest\\utils\\handleLogger.js": {"path":"C:\\Users\\migue\\OneDrive\\Documents\\Dev\\NodeJS\\firtsapirest\\utils\\handleLogger.js","statementMap":{"0":{"start":{"line":1,"column":28},"end":{"line":1,"column":53}},"1":{"start":{"line":2,"column":16},"end":{"line":2,"column":67}},"2":{"start":{"line":4,"column":21},"end":{"line":10,"column":1}},"3":{"start":{"line":6,"column":4},"end":{"line":8,"column":7}},"4":{"start":{"line":12,"column":0},"end":{"line":12,"column":29}}},"fnMap":{"0":{"name":"(anonymous_0)","decl":{"start":{"line":5,"column":9},"end":{"line":5,"column":10}},"loc":{"start":{"line":5,"column":22},"end":{"line":9,"column":3}},"line":5}},"branchMap":{"0":{"loc":{"start":{"line":2,"column":36},"end":{"line":2,"column":66}},"type":"binary-expr","locations":[{"start":{"line":2,"column":36},"end":{"line":2,"column":61}},{"start":{"line":2,"column":64},"end":{"line":2,"column":66}}],"line":2}},"s":{"0":3,"1":3,"2":3,"3":0,"4":3},"f":{"0":0},"b":{"0":[3,0]},"_coverageSchema":"1a1c01bbd47fc00a2c39e90264f33305004495a9","hash":"398d8e53fe26d93e4b3dded47b9ca55cdf335974"}
,"C:\\Users\\migue\\OneDrive\\Documents\\Dev\\NodeJS\\firtsapirest\\utils\\handlePassword.js": {"path":"C:\\Users\\migue\\OneDrive\\Documents\\Dev\\NodeJS\\firtsapirest\\utils\\handlePassword.js","statementMap":{"0":{"start":{"line":1,"column":17},"end":{"line":1,"column":36}},"1":{"start":{"line":7,"column":16},"end":{"line":10,"column":1}},"2":{"start":{"line":8,"column":17},"end":{"line":8,"column":55}},"3":{"start":{"line":9,"column":4},"end":{"line":9,"column":15}},"4":{"start":{"line":17,"column":16},"end":{"line":19,"column":1}},"5":{"start":{"line":18,"column":4},"end":{"line":18,"column":62}},"6":{"start":{"line":21,"column":0},"end":{"line":21,"column":38}}},"fnMap":{"0":{"name":"(anonymous_0)","decl":{"start":{"line":7,"column":16},"end":{"line":7,"column":17}},"loc":{"start":{"line":7,"column":41},"end":{"line":10,"column":1}},"line":7},"1":{"name":"(anonymous_1)","decl":{"start":{"line":17,"column":16},"end":{"line":17,"column":17}},"loc":{"start":{"line":17,"column":55},"end":{"line":19,"column":1}},"line":17}},"branchMap":{},"s":{"0":3,"1":3,"2":0,"3":0,"4":3,"5":0,"6":3},"f":{"0":0,"1":0},"b":{},"_coverageSchema":"1a1c01bbd47fc00a2c39e90264f33305004495a9","hash":"7e931b878b745dbf19cb27112adbae2d38209383"}
,"C:\\Users\\migue\\OneDrive\\Documents\\Dev\\NodeJS\\firtsapirest\\utils\\handlePropertiesEngine.js": {"path":"C:\\Users\\migue\\OneDrive\\Documents\\Dev\\NodeJS\\firtsapirest\\utils\\handlePropertiesEngine.js","statementMap":{"0":{"start":{"line":1,"column":18},"end":{"line":1,"column":39}},"1":{"start":{"line":2,"column":22},"end":{"line":12,"column":1}},"2":{"start":{"line":3,"column":17},"end":{"line":10,"column":5}},"3":{"start":{"line":11,"column":4},"end":{"line":11,"column":26}},"4":{"start":{"line":14,"column":0},"end":{"line":14,"column":30}}},"fnMap":{"0":{"name":"(anonymous_0)","decl":{"start":{"line":2,"column":22},"end":{"line":2,"column":23}},"loc":{"start":{"line":2,"column":28},"end":{"line":12,"column":1}},"line":2}},"branchMap":{},"s":{"0":3,"1":3,"2":6,"3":6,"4":3},"f":{"0":6},"b":{},"_coverageSchema":"1a1c01bbd47fc00a2c39e90264f33305004495a9","hash":"196b1a8faf49d7db5c94cd98505a20a226727bc8"}
,"C:\\Users\\migue\\OneDrive\\Documents\\Dev\\NodeJS\\firtsapirest\\utils\\handleStorage.js": {"path":"C:\\Users\\migue\\OneDrive\\Documents\\Dev\\NodeJS\\firtsapirest\\utils\\handleStorage.js","statementMap":{"0":{"start":{"line":1,"column":15},"end":{"line":1,"column":32}},"1":{"start":{"line":2,"column":16},"end":{"line":13,"column":2}},"2":{"start":{"line":4,"column":28},"end":{"line":4,"column":53}},"3":{"start":{"line":5,"column":8},"end":{"line":5,"column":40}},"4":{"start":{"line":9,"column":26},"end":{"line":9,"column":60}},"5":{"start":{"line":10,"column":25},"end":{"line":10,"column":58}},"6":{"start":{"line":11,"column":8},"end":{"line":11,"column":37}},"7":{"start":{"line":15,"column":25},"end":{"line":15,"column":43}},"8":{"start":{"line":17,"column":0},"end":{"line":17,"column":33}}},"fnMap":{"0":{"name":"(anonymous_0)","decl":{"start":{"line":3,"column":17},"end":{"line":3,"column":18}},"loc":{"start":{"line":3,"column":52},"end":{"line":6,"column":5}},"line":3},"1":{"name":"(anonymous_1)","decl":{"start":{"line":7,"column":14},"end":{"line":7,"column":15}},"loc":{"start":{"line":7,"column":48},"end":{"line":12,"column":5}},"line":7}},"branchMap":{},"s":{"0":3,"1":3,"2":1,"3":1,"4":1,"5":1,"6":1,"7":3,"8":3},"f":{"0":1,"1":1},"b":{},"_coverageSchema":"1a1c01bbd47fc00a2c39e90264f33305004495a9","hash":"777ab215cde3e140fbfbd50685f147bcd62a8801"}
,"C:\\Users\\migue\\OneDrive\\Documents\\Dev\\NodeJS\\firtsapirest\\utils\\handleValidator.js": {"path":"C:\\Users\\migue\\OneDrive\\Documents\\Dev\\NodeJS\\firtsapirest\\utils\\handleValidator.js","statementMap":{"0":{"start":{"line":1,"column":29},"end":{"line":1,"column":57}},"1":{"start":{"line":3,"column":24},"end":{"line":11,"column":1}},"2":{"start":{"line":4,"column":2},"end":{"line":10,"column":3}},"3":{"start":{"line":5,"column":4},"end":{"line":5,"column":34}},"4":{"start":{"line":6,"column":4},"end":{"line":6,"column":18}},"5":{"start":{"line":8,"column":4},"end":{"line":8,"column":20}},"6":{"start":{"line":9,"column":4},"end":{"line":9,"column":38}},"7":{"start":{"line":13,"column":0},"end":{"line":13,"column":32}}},"fnMap":{"0":{"name":"(anonymous_0)","decl":{"start":{"line":3,"column":24},"end":{"line":3,"column":25}},"loc":{"start":{"line":3,"column":44},"end":{"line":11,"column":1}},"line":3}},"branchMap":{},"s":{"0":3,"1":3,"2":5,"3":5,"4":5,"5":0,"6":0,"7":3},"f":{"0":5},"b":{},"_coverageSchema":"1a1c01bbd47fc00a2c39e90264f33305004495a9","hash":"3e3c6f5e1c99a26e8110067a78284063e5cca129"}
,"C:\\Users\\migue\\OneDrive\\Documents\\Dev\\NodeJS\\firtsapirest\\validators\\auth.js": {"path":"C:\\Users\\migue\\OneDrive\\Documents\\Dev\\NodeJS\\firtsapirest\\validators\\auth.js","statementMap":{"0":{"start":{"line":1,"column":18},"end":{"line":1,"column":46}},"1":{"start":{"line":2,"column":24},"end":{"line":2,"column":59}},"2":{"start":{"line":4,"column":26},"end":{"line":24,"column":1}},"3":{"start":{"line":22,"column":8},"end":{"line":22,"column":46}},"4":{"start":{"line":26,"column":23},"end":{"line":38,"column":1}},"5":{"start":{"line":36,"column":8},"end":{"line":36,"column":46}},"6":{"start":{"line":40,"column":0},"end":{"line":40,"column":54}}},"fnMap":{"0":{"name":"(anonymous_0)","decl":{"start":{"line":21,"column":4},"end":{"line":21,"column":5}},"loc":{"start":{"line":21,"column":24},"end":{"line":23,"column":5}},"line":21},"1":{"name":"(anonymous_1)","decl":{"start":{"line":35,"column":4},"end":{"line":35,"column":5}},"loc":{"start":{"line":35,"column":24},"end":{"line":37,"column":5}},"line":35}},"branchMap":{},"s":{"0":3,"1":3,"2":3,"3":0,"4":3,"5":0,"6":3},"f":{"0":0,"1":0},"b":{},"_coverageSchema":"1a1c01bbd47fc00a2c39e90264f33305004495a9","hash":"68a2f432039fa79e3f91c030380efcb645a5f188"}
,"C:\\Users\\migue\\OneDrive\\Documents\\Dev\\NodeJS\\firtsapirest\\validators\\storage.js": {"path":"C:\\Users\\migue\\OneDrive\\Documents\\Dev\\NodeJS\\firtsapirest\\validators\\storage.js","statementMap":{"0":{"start":{"line":1,"column":18},"end":{"line":1,"column":46}},"1":{"start":{"line":2,"column":24},"end":{"line":2,"column":59}},"2":{"start":{"line":6,"column":25},"end":{"line":14,"column":1}},"3":{"start":{"line":12,"column":8},"end":{"line":12,"column":46}},"4":{"start":{"line":16,"column":0},"end":{"line":16,"column":39}}},"fnMap":{"0":{"name":"(anonymous_0)","decl":{"start":{"line":11,"column":4},"end":{"line":11,"column":5}},"loc":{"start":{"line":11,"column":24},"end":{"line":13,"column":5}},"line":11}},"branchMap":{},"s":{"0":3,"1":3,"2":3,"3":2,"4":3},"f":{"0":2},"b":{},"_coverageSchema":"1a1c01bbd47fc00a2c39e90264f33305004495a9","hash":"51b66965ee16268f8960d7c46c98ecd26e318fa1"}
,"C:\\Users\\migue\\OneDrive\\Documents\\Dev\\NodeJS\\firtsapirest\\validators\\tracks.js": {"path":"C:\\Users\\migue\\OneDrive\\Documents\\Dev\\NodeJS\\firtsapirest\\validators\\tracks.js","statementMap":{"0":{"start":{"line":1,"column":18},"end":{"line":1,"column":46}},"1":{"start":{"line":2,"column":24},"end":{"line":2,"column":59}},"2":{"start":{"line":5,"column":28},"end":{"line":38,"column":1}},"3":{"start":{"line":36,"column":8},"end":{"line":36,"column":46}},"4":{"start":{"line":41,"column":25},"end":{"line":49,"column":1}},"5":{"start":{"line":47,"column":8},"end":{"line":47,"column":46}},"6":{"start":{"line":51,"column":28},"end":{"line":92,"column":1}},"7":{"start":{"line":90,"column":8},"end":{"line":90,"column":46}},"8":{"start":{"line":93,"column":0},"end":{"line":93,"column":80}}},"fnMap":{"0":{"name":"(anonymous_0)","decl":{"start":{"line":35,"column":4},"end":{"line":35,"column":5}},"loc":{"start":{"line":35,"column":24},"end":{"line":37,"column":5}},"line":35},"1":{"name":"(anonymous_1)","decl":{"start":{"line":46,"column":4},"end":{"line":46,"column":5}},"loc":{"start":{"line":46,"column":24},"end":{"line":48,"column":5}},"line":46},"2":{"name":"(anonymous_2)","decl":{"start":{"line":89,"column":4},"end":{"line":89,"column":5}},"loc":{"start":{"line":89,"column":24},"end":{"line":91,"column":5}},"line":89}},"branchMap":{},"s":{"0":3,"1":3,"2":3,"3":1,"4":3,"5":2,"6":3,"7":0,"8":3},"f":{"0":1,"1":2,"2":0},"b":{},"_coverageSchema":"1a1c01bbd47fc00a2c39e90264f33305004495a9","hash":"07d472418c2fd52ece0d9389300c6989964a5926"}
}
